<?xml version="1.0" encoding="UTF-8"?>
<!-- Generated by org.testng.reporters.JUnitReportReporter -->
<testsuite hostname="jose-payyappilly" failures="0" tests="1" name="testClass" time="0.015" errors="0" timestamp="15 Dec 2018 19:13:08 GMT" skipped="0">
  <testcase classname="testClass" name="testmethod" time="0.015"/>
</testsuite> <!-- testClass -->
