<?xml version="1.0" encoding="UTF-8"?>
<!-- Generated by org.testng.reporters.JUnitReportReporter -->
<testsuite ignored="0" hostname="jose-payyappilly" failures="0" tests="3" name="testClass" time="7.909" errors="0" timestamp="15 Dec 2018 19:43:53 GMT" skipped="0">
  <testcase classname="testClass" name="testmethod" time="0.001"/>
  <testcase classname="testClass" name="testmethod2" time="0.001"/>
  <testcase classname="testClass" name="testSeleniumDriver" time="7.907"/>
</testsuite> <!-- testClass -->
