<?xml version="1.0" encoding="UTF-8"?>
<!-- Generated by org.testng.reporters.JUnitReportReporter -->
<testsuite hostname="jose-payyappilly" failures="0" tests="3" name="testClass" time="7.947" errors="0" timestamp="16 Dec 2018 09:57:40 GMT" skipped="0">
  <testcase classname="testClass" name="testmethod" time="0.003"/>
  <testcase classname="testClass" name="testSeleniumDriver" time="7.941"/>
  <testcase classname="testClass" name="testmethod2" time="0.003"/>
</testsuite> <!-- testClass -->
