<?xml version="1.0" encoding="UTF-8"?>
<!-- Generated by org.testng.reporters.JUnitReportReporter -->
<testsuite hostname="jose-payyappilly" failures="0" tests="3" name="testClass" time="8.984" errors="0" timestamp="15 Dec 2018 19:58:06 GMT" skipped="0">
  <testcase classname="testClass" name="testSeleniumDriver" time="8.981"/>
  <testcase classname="testClass" name="testmethod" time="0.002"/>
  <testcase classname="testClass" name="testmethod2" time="0.001"/>
</testsuite> <!-- testClass -->
